2024-12-24 00:50:56.353 - Game started.
2024-12-24 00:50:57.365 - Agent moved.
2024-12-24 00:50:57.365 - Agent moved.
2024-12-24 00:50:57.365 - Agent moved.
2024-12-24 00:50:57.365 - Agent moved.
2024-12-24 00:50:57.365 - Enemy moved.
2024-12-24 00:50:58.370 - Agent moved.
2024-12-24 00:50:58.370 - Agent moved.
2024-12-24 00:50:58.370 - Agent moved.
2024-12-24 00:50:58.370 - Agent moved.
2024-12-24 00:50:58.370 - Enemy moved.
2024-12-24 00:50:59.391 - Agent moved.
2024-12-24 00:50:59.391 - Agent moved.
2024-12-24 00:50:59.391 - Agent moved.
2024-12-24 00:50:59.391 - Agent moved.
2024-12-24 00:50:59.391 - Enemy moved.
2024-12-24 00:51:00.394 - Agent moved.
2024-12-24 00:51:00.394 - Agent moved.
2024-12-24 00:51:00.394 - Agent moved.
2024-12-24 00:51:00.407 - Agent moved.
2024-12-24 00:51:00.407 - Enemy moved.
2024-12-24 00:51:01.398 - Agent moved.
2024-12-24 00:51:01.398 - Agent moved.
2024-12-24 00:51:01.398 - Agent moved.
2024-12-24 00:51:01.398 - Agent moved.
2024-12-24 00:51:01.398 - Enemy moved.
2024-12-24 00:51:02.409 - Agent moved.
2024-12-24 00:51:02.409 - Agent moved.
2024-12-24 00:51:02.409 - Agent moved.
2024-12-24 00:51:02.409 - Agent moved.
2024-12-24 00:51:02.409 - Enemy moved.
2024-12-24 00:51:03.412 - Agent moved.
2024-12-24 00:51:03.412 - Agent moved.
2024-12-24 00:51:03.412 - Agent moved.
2024-12-24 00:51:03.412 - Agent moved.
2024-12-24 00:51:03.412 - Enemy moved.
2024-12-24 00:51:04.436 - Agent moved.
2024-12-24 00:51:04.436 - Agent moved.
2024-12-24 00:51:04.436 - Agent moved.
2024-12-24 00:51:04.436 - Agent moved.
2024-12-24 00:51:04.436 - Enemy moved.
2024-12-24 00:51:05.448 - Agent moved.
2024-12-24 00:51:05.448 - Agent moved.
2024-12-24 00:51:05.448 - Agent moved.
2024-12-24 00:51:05.448 - Agent moved.
2024-12-24 00:51:05.448 - Enemy moved.
2024-12-24 00:51:06.460 - Agent moved.
2024-12-24 00:51:06.460 - Agent moved.
2024-12-24 00:51:06.460 - Agent moved.
2024-12-24 00:51:06.460 - Agent moved.
2024-12-24 00:51:06.460 - Enemy moved.
2024-12-24 00:51:07.481 - Agent moved.
2024-12-24 00:51:07.481 - Agent moved.
2024-12-24 00:51:07.481 - Agent moved.
2024-12-24 00:51:07.481 - Agent moved.
2024-12-24 00:51:07.481 - Enemy moved.
2024-12-24 00:51:08.491 - Agent moved.
2024-12-24 00:51:08.491 - Agent moved.
2024-12-24 00:51:08.491 - Agent moved.
2024-12-24 00:51:08.491 - Agent moved.
2024-12-24 00:51:08.491 - Enemy moved.
2024-12-24 00:51:09.507 - Agent moved.
2024-12-24 00:51:09.507 - Agent moved.
2024-12-24 00:51:09.507 - Agent moved.
2024-12-24 00:51:09.507 - Agent moved.
2024-12-24 00:51:09.507 - Enemy moved.
2024-12-24 00:51:10.521 - Agent moved.
2024-12-24 00:51:10.521 - Agent moved.
2024-12-24 00:51:10.521 - Agent moved.
2024-12-24 00:51:10.521 - Agent moved.
2024-12-24 00:51:10.521 - Enemy moved.
2024-12-24 00:51:11.526 - Agent moved.
2024-12-24 00:51:11.526 - Agent moved.
2024-12-24 00:51:11.526 - Agent moved.
2024-12-24 00:51:11.526 - Agent moved.
2024-12-24 00:51:11.526 - Enemy moved.
2024-12-24 00:51:12.539 - Agent moved.
2024-12-24 00:51:12.539 - Agent moved.
2024-12-24 00:51:12.539 - Agent moved.
2024-12-24 00:51:12.539 - Agent moved.
2024-12-24 00:51:12.539 - Enemy moved.
2024-12-24 00:51:13.559 - Agent moved.
2024-12-24 00:51:13.559 - Agent moved.
2024-12-24 00:51:13.559 - Agent moved.
2024-12-24 00:51:13.559 - Agent moved.
2024-12-24 00:51:13.559 - Enemy moved.
2024-12-24 00:51:14.583 - Agent moved.
2024-12-24 00:51:14.583 - Agent moved.
2024-12-24 00:51:14.583 - Agent moved.
2024-12-24 00:51:14.583 - Agent moved.
2024-12-24 00:51:14.583 - Enemy moved.
2024-12-24 00:51:15.584 - Agent moved.
2024-12-24 00:51:15.584 - Agent moved.
2024-12-24 00:51:15.584 - Agent moved.
2024-12-24 00:51:15.584 - Agent moved.
2024-12-24 00:51:15.584 - Enemy moved.
2024-12-24 00:51:16.610 - Agent moved.
2024-12-24 00:51:16.610 - Agent moved.
2024-12-24 00:51:16.610 - Agent moved.
2024-12-24 00:51:16.610 - Agent moved.
2024-12-24 00:51:16.610 - Enemy moved.
2024-12-24 00:51:17.600 - Agent moved.
2024-12-24 00:51:17.600 - Agent moved.
2024-12-24 00:51:17.600 - Agent moved.
2024-12-24 00:51:17.600 - Agent moved.
2024-12-24 00:51:17.600 - Enemy moved.
2024-12-24 00:51:18.606 - Agent moved.
2024-12-24 00:51:18.606 - Agent moved.
2024-12-24 00:51:18.606 - Agent moved.
2024-12-24 00:51:18.606 - Agent moved.
2024-12-24 00:51:18.606 - Enemy moved.
2024-12-24 00:51:19.605 - Agent moved.
2024-12-24 00:51:19.605 - Agent moved.
2024-12-24 00:51:19.605 - Agent moved.
2024-12-24 00:51:19.605 - Agent moved.
2024-12-24 00:51:19.605 - Enemy moved.
2024-12-24 00:51:20.623 - Agent moved.
2024-12-24 00:51:20.623 - Agent moved.
2024-12-24 00:51:20.623 - Agent moved.
2024-12-24 00:51:20.623 - Agent moved.
2024-12-24 00:51:20.623 - Enemy moved.
2024-12-24 00:51:21.622 - Agent moved.
2024-12-24 00:51:21.622 - Agent moved.
2024-12-24 00:51:21.622 - Agent moved.
2024-12-24 00:51:21.622 - Agent moved.
2024-12-24 00:51:21.622 - Enemy moved.
2024-12-24 00:51:22.636 - Agent moved.
2024-12-24 00:51:22.636 - Agent moved.
2024-12-24 00:51:22.636 - Agent moved.
2024-12-24 00:51:22.636 - Agent moved.
2024-12-24 00:51:22.636 - Enemy moved.
2024-12-24 00:51:23.650 - Agent moved.
2024-12-24 00:51:23.650 - Agent moved.
2024-12-24 00:51:23.650 - Agent moved.
2024-12-24 00:51:23.650 - Agent moved.
2024-12-24 00:51:23.650 - Enemy moved.
2024-12-24 00:51:24.683 - Agent moved.
2024-12-24 00:51:24.683 - Agent moved.
2024-12-24 00:51:24.683 - Agent moved.
2024-12-24 00:51:24.683 - Agent moved.
2024-12-24 00:51:24.683 - Enemy moved.
2024-12-24 00:51:25.700 - Agent moved.
2024-12-24 00:51:25.700 - Agent moved.
2024-12-24 00:51:25.700 - Agent moved.
2024-12-24 00:51:25.700 - Agent moved.
2024-12-24 00:51:25.700 - Enemy moved.
2024-12-24 01:00:10.749 - Game started.
2024-12-24 01:00:11.753 - Agent moved.
2024-12-24 01:00:11.753 - Agent moved.
2024-12-24 01:00:11.753 - Agent moved.
2024-12-24 01:00:11.753 - Agent moved.
2024-12-24 01:00:11.753 - Enemy moved.
2024-12-24 01:00:12.754 - Agent moved.
2024-12-24 01:00:12.754 - Agent moved.
2024-12-24 01:00:12.754 - Agent moved.
2024-12-24 01:00:12.754 - Agent moved.
2024-12-24 01:00:12.754 - Enemy moved.
2024-12-24 01:00:13.746 - Agent moved.
2024-12-24 01:00:13.746 - Agent moved.
2024-12-24 01:00:13.746 - Agent moved.
2024-12-24 01:00:13.746 - Agent moved.
2024-12-24 01:00:13.746 - Enemy moved.
2024-12-24 01:00:14.749 - Agent moved.
2024-12-24 01:00:14.749 - Agent moved.
2024-12-24 01:00:14.749 - Agent moved.
2024-12-24 01:00:14.749 - Agent moved.
2024-12-24 01:00:14.749 - Enemy moved.
2024-12-24 01:00:52.459 - Game started.
2024-12-24 01:00:53.473 - Agent moved.
2024-12-24 01:00:53.473 - Agent moved.
2024-12-24 01:00:53.473 - Agent moved.
2024-12-24 01:00:53.473 - Agent moved.
2024-12-24 01:00:53.473 - Enemy moved.
2024-12-24 01:00:54.476 - Agent moved.
2024-12-24 01:00:54.476 - Agent moved.
2024-12-24 01:00:54.476 - Agent moved.
2024-12-24 01:00:54.476 - Agent moved.
2024-12-24 01:00:54.476 - Enemy moved.
2024-12-24 01:00:55.492 - Agent moved.
2024-12-24 01:00:55.492 - Agent moved.
2024-12-24 01:00:55.492 - Agent moved.
2024-12-24 01:00:55.492 - Agent moved.
2024-12-24 01:00:55.492 - Enemy moved.
2024-12-24 01:00:56.501 - Agent moved.
2024-12-24 01:00:56.501 - Agent moved.
2024-12-24 01:00:56.501 - Agent moved.
2024-12-24 01:00:56.501 - Agent moved.
2024-12-24 01:00:56.501 - Enemy moved.
2024-12-24 01:00:57.492 - Agent moved.
2024-12-24 01:00:57.492 - Agent moved.
2024-12-24 01:00:57.492 - Agent moved.
2024-12-24 01:00:57.492 - Agent moved.
2024-12-24 01:00:57.492 - Enemy moved.
2024-12-24 01:00:58.505 - Agent moved.
2024-12-24 01:00:58.505 - Agent moved.
2024-12-24 01:00:58.505 - Agent moved.
2024-12-24 01:00:58.505 - Agent moved.
2024-12-24 01:00:58.505 - Enemy moved.
2024-12-24 01:00:59.504 - Agent moved.
2024-12-24 01:00:59.504 - Agent moved.
2024-12-24 01:00:59.504 - Agent moved.
2024-12-24 01:00:59.504 - Agent moved.
2024-12-24 01:00:59.504 - Enemy moved.
2024-12-24 01:01:00.492 - Agent moved.
2024-12-24 01:01:00.492 - Agent moved.
2024-12-24 01:01:00.492 - Agent moved.
2024-12-24 01:01:00.492 - Agent moved.
2024-12-24 01:01:00.492 - Enemy moved.
2024-12-24 01:01:01.503 - Agent moved.
2024-12-24 01:01:01.503 - Agent moved.
2024-12-24 01:01:01.503 - Agent moved.
2024-12-24 01:01:01.503 - Agent moved.
2024-12-24 01:01:01.503 - Enemy moved.
2024-12-24 01:01:02.497 - Agent moved.
2024-12-24 01:01:02.497 - Agent moved.
2024-12-24 01:01:02.497 - Agent moved.
2024-12-24 01:01:02.497 - Agent moved.
2024-12-24 01:01:02.498 - Enemy moved.
2024-12-24 01:01:03.501 - Agent moved.
2024-12-24 01:01:03.501 - Agent moved.
2024-12-24 01:01:03.501 - Agent moved.
2024-12-24 01:01:03.501 - Agent moved.
2024-12-24 01:01:03.501 - Enemy moved.
2024-12-24 01:01:04.508 - Agent moved.
2024-12-24 01:01:04.508 - Agent moved.
2024-12-24 01:01:04.508 - Agent moved.
2024-12-24 01:01:04.508 - Agent moved.
2024-12-24 01:01:04.508 - Enemy moved.
2024-12-27 16:12:47 - Game started.
2024-12-27 16:12:48 - Agent moved.
2024-12-27 16:12:48 - Agent moved.
2024-12-27 16:12:48 - Agent moved.
2024-12-27 16:12:48 - Agent moved.
2024-12-27 16:12:48 - Enemy moved.
2024-12-27 16:12:49 - Agent moved.
2024-12-27 16:12:49 - Agent moved.
2024-12-27 16:12:49 - Agent moved.
2024-12-27 16:12:49 - Agent moved.
2024-12-27 16:12:49 - Enemy moved.
2024-12-27 16:12:50 - Agent moved.
2024-12-27 16:12:50 - Agent moved.
2024-12-27 16:12:50 - Agent moved.
2024-12-27 16:12:50 - Agent moved.
2024-12-27 16:12:50 - Enemy moved.
2024-12-27 16:12:51 - Agent moved.
2024-12-27 16:12:51 - Agent moved.
2024-12-27 16:12:51 - Agent moved.
2024-12-27 16:12:51 - Agent moved.
2024-12-27 16:12:51 - Enemy moved.
2024-12-27 16:12:52 - Agent moved.
2024-12-27 16:12:52 - Agent moved.
2024-12-27 16:12:52 - Agent moved.
2024-12-27 16:12:52 - Agent moved.
2024-12-27 16:12:52 - Enemy moved.
2024-12-27 16:12:53 - Agent moved.
2024-12-27 16:12:53 - Agent moved.
2024-12-27 16:12:53 - Agent moved.
2024-12-27 16:12:53 - Agent moved.
2024-12-27 16:12:53 - Enemy moved.
2024-12-27 16:12:54 - Agent moved.
2024-12-27 16:12:54 - Agent moved.
2024-12-27 16:12:54 - Agent moved.
2024-12-27 16:12:54 - Agent moved.
2024-12-27 16:12:54 - Enemy moved.
2024-12-27 16:12:55 - Agent moved.
2024-12-27 16:12:55 - Agent moved.
2024-12-27 16:12:55 - Agent moved.
2024-12-27 16:12:55 - Agent moved.
2024-12-27 16:12:55 - Enemy moved.
2024-12-27 16:12:56 - Agent moved.
2024-12-27 16:12:56 - Agent moved.
2024-12-27 16:12:56 - Agent moved.
2024-12-27 16:12:56 - Agent moved.
2024-12-27 16:12:56 - Enemy moved.
2024-12-27 16:12:57 - Agent moved.
2024-12-27 16:12:57 - Agent moved.
2024-12-27 16:12:57 - Agent moved.
2024-12-27 16:12:57 - Agent moved.
2024-12-27 16:12:57 - Agent moved.
2024-12-27 16:12:57 - Enemy moved.
2024-12-27 16:12:58 - Agent moved.
2024-12-27 16:12:58 - Agent moved.
2024-12-27 16:12:58 - Agent moved.
2024-12-27 16:12:58 - Agent moved.
2024-12-27 16:12:58 - Agent moved.
2024-12-27 16:12:58 - Enemy moved.
2024-12-27 16:12:59 - Agent moved.
2024-12-27 16:12:59 - Agent moved.
2024-12-27 16:12:59 - Agent moved.
2024-12-27 16:12:59 - Agent moved.
2024-12-27 16:12:59 - Agent moved.
2024-12-27 16:12:59 - Enemy moved.
2024-12-27 16:13:00 - Agent moved.
2024-12-27 16:13:00 - Agent moved.
2024-12-27 16:13:00 - Agent moved.
2024-12-27 16:13:00 - Agent moved.
2024-12-27 16:13:00 - Agent moved.
2024-12-27 16:13:00 - Agent moved.
2024-12-27 16:13:00 - Enemy moved.
2024-12-27 16:13:01 - Agent moved.
2024-12-27 16:13:01 - Agent moved.
2024-12-27 16:13:01 - Agent moved.
2024-12-27 16:13:01 - Agent moved.
2024-12-27 16:13:01 - Agent moved.
2024-12-27 16:13:01 - Agent moved.
2024-12-27 16:13:01 - Enemy moved.
2024-12-27 16:13:02 - Agent moved.
2024-12-27 16:13:02 - Agent moved.
2024-12-27 16:13:02 - Agent moved.
2024-12-27 16:13:02 - Agent moved.
2024-12-27 16:13:02 - Agent moved.
2024-12-27 16:13:02 - Agent moved.
2024-12-27 16:13:02 - Agent moved.
2024-12-27 16:13:02 - Enemy moved.
2024-12-27 16:13:03 - Agent moved.
2024-12-27 16:13:03 - Agent moved.
2024-12-27 16:13:03 - Agent moved.
2024-12-27 16:13:03 - Agent moved.
2024-12-27 16:13:03 - Agent moved.
2024-12-27 16:13:03 - Agent moved.
2024-12-27 16:13:03 - Agent moved.
2024-12-27 16:13:03 - Enemy moved.
2024-12-27 16:13:04 - Agent moved.
2024-12-27 16:13:04 - Agent moved.
2024-12-27 16:13:04 - Agent moved.
2024-12-27 16:13:04 - Agent moved.
2024-12-27 16:13:04 - Agent moved.
2024-12-27 16:13:04 - Agent moved.
2024-12-27 16:13:04 - Agent moved.
2024-12-27 16:13:04 - Agent moved.
2024-12-27 16:13:04 - Enemy moved.
2024-12-27 16:13:05 - Agent moved.
2024-12-27 16:13:05 - Agent moved.
2024-12-27 16:13:05 - Agent moved.
2024-12-27 16:13:05 - Agent moved.
2024-12-27 16:13:05 - Agent moved.
2024-12-27 16:13:05 - Agent moved.
2024-12-27 16:13:05 - Agent moved.
2024-12-27 16:13:05 - Agent moved.
2024-12-27 16:13:05 - Enemy moved.
2024-12-27 16:13:06 - Agent moved.
2024-12-27 16:13:06 - Agent moved.
2024-12-27 16:13:06 - Agent moved.
2024-12-27 16:13:06 - Agent moved.
2024-12-27 16:13:06 - Agent moved.
2024-12-27 16:13:06 - Agent moved.
2024-12-27 16:13:06 - Agent moved.
2024-12-27 16:13:06 - Agent moved.
2024-12-27 16:13:06 - Enemy moved.
2024-12-27 16:13:07 - Agent moved.
2024-12-27 16:13:07 - Agent moved.
2024-12-27 16:13:07 - Agent moved.
2024-12-27 16:13:07 - Agent moved.
2024-12-27 16:13:07 - Agent moved.
2024-12-27 16:13:07 - Agent moved.
2024-12-27 16:13:07 - Agent moved.
2024-12-27 16:13:07 - Agent moved.
2024-12-27 16:13:07 - Enemy moved.
2024-12-27 16:13:08 - Agent moved.
2024-12-27 16:13:08 - Agent moved.
2024-12-27 16:13:08 - Agent moved.
2024-12-27 16:13:08 - Agent moved.
2024-12-27 16:13:08 - Agent moved.
2024-12-27 16:13:08 - Agent moved.
2024-12-27 16:13:08 - Agent moved.
2024-12-27 16:13:08 - Agent moved.
2024-12-27 16:13:08 - Enemy moved.
2024-12-27 16:13:14 - Game started.
2024-12-27 16:13:15 - Agent moved.
2024-12-27 16:13:15 - Agent moved.
2024-12-27 16:13:15 - Agent moved.
2024-12-27 16:13:15 - Agent moved.
2024-12-27 16:13:15 - Enemy moved.
2024-12-27 16:13:16 - Agent moved.
2024-12-27 16:13:16 - Agent moved.
2024-12-27 16:13:16 - Agent moved.
2024-12-27 16:13:16 - Agent moved.
2024-12-27 16:13:16 - Enemy moved.
2024-12-27 16:13:17 - Agent moved.
2024-12-27 16:13:17 - Agent moved.
2024-12-27 16:13:17 - Agent moved.
2024-12-27 16:13:17 - Agent moved.
2024-12-27 16:13:17 - Enemy moved.
2024-12-27 16:13:18 - Agent moved.
2024-12-27 16:13:18 - Agent moved.
2024-12-27 16:13:18 - Agent moved.
2024-12-27 16:13:18 - Agent moved.
2024-12-27 16:13:18 - Enemy moved.
2024-12-27 16:13:19 - Agent moved.
2024-12-27 16:13:19 - Agent moved.
2024-12-27 16:13:19 - Agent moved.
2024-12-27 16:13:19 - Agent moved.
2024-12-27 16:13:19 - Enemy moved.
2024-12-27 16:13:20 - Agent moved.
2024-12-27 16:13:20 - Agent moved.
2024-12-27 16:13:20 - Agent moved.
2024-12-27 16:13:20 - Agent moved.
2024-12-27 16:13:20 - Enemy moved.
2024-12-27 16:13:21 - Agent moved.
2024-12-27 16:13:21 - Agent moved.
2024-12-27 16:13:21 - Agent moved.
2024-12-27 16:13:21 - Agent moved.
2024-12-27 16:13:21 - Enemy moved.
2024-12-27 16:13:22 - Agent moved.
2024-12-27 16:13:22 - Agent moved.
2024-12-27 16:13:22 - Agent moved.
2024-12-27 16:13:22 - Agent moved.
2024-12-27 16:13:22 - Enemy moved.
2024-12-27 16:13:23 - Agent moved.
2024-12-27 16:13:23 - Agent moved.
2024-12-27 16:13:23 - Agent moved.
2024-12-27 16:13:23 - Agent moved.
2024-12-27 16:13:23 - Enemy moved.
2024-12-27 16:13:24 - Agent moved.
2024-12-27 16:13:24 - Agent moved.
2024-12-27 16:13:24 - Agent moved.
2024-12-27 16:13:24 - Agent moved.
2024-12-27 16:13:24 - Enemy moved.
2024-12-27 16:13:25 - Agent moved.
2024-12-27 16:13:25 - Agent moved.
2024-12-27 16:13:25 - Agent moved.
2024-12-27 16:13:25 - Agent moved.
2024-12-27 16:13:25 - Enemy moved.
2024-12-27 16:13:27 - Agent moved.
2024-12-27 16:13:27 - Agent moved.
2024-12-27 16:13:27 - Agent moved.
2024-12-27 16:13:27 - Agent moved.
2024-12-27 16:13:27 - Enemy moved.
2024-12-27 16:13:28 - Agent moved.
2024-12-27 16:13:28 - Agent moved.
2024-12-27 16:13:28 - Agent moved.
2024-12-27 16:13:28 - Agent moved.
2024-12-27 16:13:28 - Enemy moved.
2024-12-27 16:13:29 - Agent moved.
2024-12-27 16:13:29 - Agent moved.
2024-12-27 16:13:29 - Agent moved.
2024-12-27 16:13:29 - Agent moved.
2024-12-27 16:13:29 - Enemy moved.
2024-12-27 16:13:30 - Agent moved.
2024-12-27 16:13:30 - Agent moved.
2024-12-27 16:13:30 - Agent moved.
2024-12-27 16:13:30 - Agent moved.
2024-12-27 16:13:30 - Enemy moved.
2024-12-27 16:13:31 - Agent moved.
2024-12-27 16:13:31 - Agent moved.
2024-12-27 16:13:31 - Agent moved.
2024-12-27 16:13:31 - Agent moved.
2024-12-27 16:13:31 - Enemy moved.
2024-12-27 16:13:32 - Agent moved.
2024-12-27 16:13:32 - Agent moved.
2024-12-27 16:13:32 - Agent moved.
2024-12-27 16:13:32 - Agent moved.
2024-12-27 16:13:32 - Enemy moved.
2024-12-27 16:13:33 - Agent moved.
2024-12-27 16:13:33 - Agent moved.
2024-12-27 16:13:33 - Agent moved.
2024-12-27 16:13:33 - Agent moved.
2024-12-27 16:13:33 - Enemy moved.
2024-12-27 16:13:34 - Agent moved.
2024-12-27 16:13:34 - Agent moved.
2024-12-27 16:13:34 - Agent moved.
2024-12-27 16:13:34 - Agent moved.
2024-12-27 16:13:34 - Enemy moved.
2024-12-27 16:13:35 - Agent moved.
2024-12-27 16:13:35 - Agent moved.
2024-12-27 16:13:35 - Agent moved.
2024-12-27 16:13:35 - Agent moved.
2024-12-27 16:13:35 - Enemy moved.
2024-12-27 16:13:36 - Agent moved.
2024-12-27 16:13:36 - Agent moved.
2024-12-27 16:13:36 - Agent moved.
2024-12-27 16:13:36 - Agent moved.
2024-12-27 16:13:36 - Enemy moved.
2024-12-27 16:13:37 - Agent moved.
2024-12-27 16:13:37 - Agent moved.
2024-12-27 16:13:37 - Agent moved.
2024-12-27 16:13:37 - Agent moved.
2024-12-27 16:13:37 - Enemy moved.
2024-12-27 16:13:38 - Agent moved.
2024-12-27 16:13:38 - Agent moved.
2024-12-27 16:13:38 - Agent moved.
2024-12-27 16:13:38 - Agent moved.
2024-12-27 16:13:38 - Enemy moved.
2024-12-27 16:13:39 - Agent moved.
2024-12-27 16:13:39 - Agent moved.
2024-12-27 16:13:39 - Agent moved.
2024-12-27 16:13:39 - Agent moved.
2024-12-27 16:13:39 - Enemy moved.
2024-12-27 16:13:40 - Agent moved.
2024-12-27 16:13:40 - Agent moved.
2024-12-27 16:13:40 - Agent moved.
2024-12-27 16:13:40 - Agent moved.
2024-12-27 16:13:40 - Enemy moved.
2024-12-27 16:13:41 - Agent moved.
2024-12-27 16:13:41 - Agent moved.
2024-12-27 16:13:41 - Agent moved.
2024-12-27 16:13:41 - Agent moved.
2024-12-27 16:13:41 - Enemy moved.
2024-12-27 16:13:42 - Agent moved.
2024-12-27 16:13:42 - Agent moved.
2024-12-27 16:13:42 - Agent moved.
2024-12-27 16:13:42 - Agent moved.
2024-12-27 16:13:42 - Enemy moved.
2024-12-27 16:13:43 - Agent moved.
2024-12-27 16:13:43 - Agent moved.
2024-12-27 16:13:43 - Agent moved.
2024-12-27 16:13:43 - Agent moved.
2024-12-27 16:13:43 - Enemy moved.
2024-12-27 16:13:44 - Agent moved.
2024-12-27 16:13:44 - Agent moved.
2024-12-27 16:13:44 - Agent moved.
2024-12-27 16:13:44 - Agent moved.
2024-12-27 16:13:44 - Enemy moved.
2024-12-27 16:13:45 - Agent moved.
2024-12-27 16:13:45 - Agent moved.
2024-12-27 16:13:45 - Agent moved.
2024-12-27 16:13:45 - Agent moved.
2024-12-27 16:13:45 - Enemy moved.
2024-12-27 16:13:46 - Agent moved.
2024-12-27 16:13:46 - Agent moved.
2024-12-27 16:13:46 - Agent moved.
2024-12-27 16:13:46 - Agent moved.
2024-12-27 16:13:46 - Enemy moved.
2024-12-27 16:17:02 - Game started.
2024-12-27 16:17:03 - Agent moved.
2024-12-27 16:17:03 - Agent moved.
2024-12-27 16:17:03 - Agent moved.
2024-12-27 16:17:03 - Agent moved.
2024-12-27 16:17:03 - Enemy moved.
2024-12-27 16:17:04 - Agent moved.
2024-12-27 16:17:04 - Agent moved.
2024-12-27 16:17:04 - Agent moved.
2024-12-27 16:17:04 - Agent moved.
2024-12-27 16:17:04 - Enemy moved.
2024-12-27 16:17:18 - Game started.
2024-12-27 16:17:19 - Agent moved.
2024-12-27 16:17:19 - Agent moved.
2024-12-27 16:17:19 - Agent moved.
2024-12-27 16:17:19 - Agent moved.
2024-12-27 16:17:19 - Enemy moved.
2024-12-27 16:17:20 - Agent moved.
2024-12-27 16:17:20 - Agent moved.
2024-12-27 16:17:20 - Agent moved.
2024-12-27 16:17:20 - Agent moved.
2024-12-27 16:17:20 - Enemy moved.
2024-12-27 16:17:21 - Agent moved.
2024-12-27 16:17:21 - Agent moved.
2024-12-27 16:17:21 - Agent moved.
2024-12-27 16:17:21 - Agent moved.
2024-12-27 16:17:21 - Enemy moved.
2024-12-27 16:17:23 - Agent moved.
2024-12-27 16:17:23 - Agent moved.
2024-12-27 16:17:23 - Agent moved.
2024-12-27 16:17:23 - Agent moved.
2024-12-27 16:17:23 - Enemy moved.
